This is pdfTeX, Version 3.14159265-2.6-1.40.20 (MiKTeX 2.9.7000 64-bit) (preloaded format=pdflatex 2019.10.1)  8 NOV 2019 18:07
entering extended mode
**C:/Users/Laci/Dropbox/Tesis_InTemplate/PhdThesis/subtex/4_2_discussion_result
s.tex

(C:/Users/Laci/Dropbox/Tesis_InTemplate/PhdThesis/subtex/4_2_discussion_results
.tex
LaTeX2e <2018-12-01>
! Undefined control sequence.
l.3 \section
            {Network structure}
? 
! Emergency stop.
l.3 \section
            {Network structure}
End of file on the terminal!

 
Here is how much of TeX's memory you used:
 8 strings out of 492897
 386 string characters out of 3133501
 56928 words of memory out of 3000000
 4021 multiletter control sequences out of 15000+200000
 3640 words of font info for 14 fonts, out of 3000000 for 9000
 1141 hyphenation exceptions out of 8191
 5i,0n,1p,165b,8s stack positions out of 5000i,500n,10000p,200000b,50000s
!  ==> Fatal error occurred, no output PDF file produced!
