This is pdfTeX, Version 3.14159265-2.6-1.40.20 (MiKTeX 2.9.7000 64-bit) (preloaded format=pdflatex 2019.10.1)  24 OCT 2019 15:50
entering extended mode
**C:/Users/Laci/Desktop/Tesis_InTemplate/subtex/7_nomenclature.tex
(C:/Users/Laci/Desktop/Tesis_InTemplate/subtex/7_nomenclature.tex
LaTeX2e <2018-12-01>

! LaTeX Error: Environment longtable undefined.

See the LaTeX manual or LaTeX Companion for explanation.
Type  H <return>  for immediate help.
 ...                                              
                                                  
l.2 \begin{longtable}
                     {r l}
? 
! Emergency stop.
 ...                                              
                                                  
l.2 \begin{longtable}
                     {r l}
Your command was ignored.
Type  I <command> <return>  to replace it with another command,
or  <return>  to continue without it.

 
Here is how much of TeX's memory you used:
 9 strings out of 492897
 446 string characters out of 3133501
 57016 words of memory out of 3000000
 4021 multiletter control sequences out of 15000+200000
 3640 words of font info for 14 fonts, out of 3000000 for 9000
 1141 hyphenation exceptions out of 8191
 5i,0n,4p,99b,16s stack positions out of 5000i,500n,10000p,200000b,50000s
!  ==> Fatal error occurred, no output PDF file produced!
