\BOOKMARK [0][-]{chapter.1}{Introduction}{}% 1
\BOOKMARK [1][-]{section.1.1}{Literature overview}{chapter.1}% 2
\BOOKMARK [0][-]{chapter.2}{Basic notions}{}% 3
\BOOKMARK [1][-]{section.2.1}{Definitions of voltage unbalance}{chapter.2}% 4
\BOOKMARK [2][-]{subsection.2.1.1}{Types of voltage deviations and norms}{section.2.1}% 5
\BOOKMARK [2][-]{subsection.2.1.2}{Non standardized approximations formulas}{section.2.1}% 6
\BOOKMARK [2][-]{subsection.2.1.3}{LVUR}{section.2.1}% 7
\BOOKMARK [2][-]{subsection.2.1.4}{PVUR}{section.2.1}% 8
\BOOKMARK [2][-]{subsection.2.1.5}{VUF and CVUF}{section.2.1}% 9
\BOOKMARK [1][-]{section.2.2}{Power electronic components for current control}{chapter.2}% 10
\BOOKMARK [2][-]{subsection.2.2.1}{Current source inverters}{section.2.2}% 11
\BOOKMARK [2][-]{subsection.2.2.2}{Galvanic decoupled bi-directional DC-DC converters}{section.2.2}% 12
\BOOKMARK [2][-]{subsection.2.2.3}{Three-phase buck-type rectifiers}{section.2.2}% 13
\BOOKMARK [1][-]{section.2.3}{Applied control structures}{chapter.2}% 14
\BOOKMARK [2][-]{subsection.2.3.1}{Asynchronous paralell pattern search}{section.2.3}% 15
\BOOKMARK [2][-]{subsection.2.3.2}{Quadratic optimization and predictive control}{section.2.3}% 16
\BOOKMARK [2][-]{subsection.2.3.3}{Explicit model predictive control \(EMPC\)}{section.2.3}% 17
\BOOKMARK [2][-]{subsection.2.3.4}{Storage of critical regions}{section.2.3}% 18
\BOOKMARK [1][-]{section.2.4}{Notations}{chapter.2}% 19
\BOOKMARK [0][-]{chapter.3}{Voltage unbalance compensation}{}% 20
\BOOKMARK [1][-]{section.3.1}{Network structure}{chapter.3}% 21
\BOOKMARK [1][-]{section.3.2}{Proposed geometrical indicator}{chapter.3}% 22
\BOOKMARK [1][-]{section.3.3}{The method's additional content compared to VUF}{chapter.3}% 23
\BOOKMARK [1][-]{section.3.4}{Unbalance compensation}{chapter.3}% 24
\BOOKMARK [2][-]{subsection.3.4.1}{Problem statement}{section.3.4}% 25
\BOOKMARK [2][-]{subsection.3.4.2}{Control problem}{section.3.4}% 26
\BOOKMARK [2][-]{subsection.3.4.3}{Optimization based control algorithm}{section.3.4}% 27
\BOOKMARK [1][-]{section.3.5}{Discussion}{chapter.3}% 28
\BOOKMARK [2][-]{subsection.3.5.1}{Dynamical simulation based experiments}{section.3.5}% 29
\BOOKMARK [2][-]{subsection.3.5.2}{Performance analysis}{section.3.5}% 30
\BOOKMARK [2][-]{subsection.3.5.3}{Environmental effect}{section.3.5}% 31
\BOOKMARK [1][-]{section.3.6}{Conclusion}{chapter.3}% 32
\BOOKMARK [0][-]{chapter.4}{Predictive control of a CSR}{}% 33
\BOOKMARK [1][-]{section.4.1}{Modeling}{chapter.4}% 34
\BOOKMARK [2][-]{subsection.4.1.1}{Mathematical Modeling of the CSR}{section.4.1}% 35
\BOOKMARK [2][-]{subsection.4.1.2}{Model simplification}{section.4.1}% 36
\BOOKMARK [2][-]{subsection.4.1.3}{Control structure}{section.4.1}% 37
\BOOKMARK [1][-]{section.4.2}{Control}{chapter.4}% 38
\BOOKMARK [2][-]{subsection.4.2.1}{DC-side explicit model predictive control}{section.4.2}% 39
\BOOKMARK [2][-]{subsection.4.2.2}{Active AC-side damping}{section.4.2}% 40
\BOOKMARK [1][-]{section.4.3}{Space vector modulation strategy}{chapter.4}% 41
\BOOKMARK [1][-]{section.4.4}{Modulation}{chapter.4}% 42
\BOOKMARK [1][-]{section.4.5}{Discussion}{chapter.4}% 43
\BOOKMARK [2][-]{subsection.4.5.1}{Computational effort}{section.4.5}% 44
\BOOKMARK [2][-]{subsection.4.5.2}{Horizon performance}{section.4.5}% 45
\BOOKMARK [2][-]{subsection.4.5.3}{Simulation results}{section.4.5}% 46
\BOOKMARK [2][-]{subsection.4.5.4}{Comparison with a state feedback control}{section.4.5}% 47
\BOOKMARK [1][-]{section.4.6}{Conclusion}{chapter.4}% 48
\BOOKMARK [0][-]{chapter.5}{Thesis and Summary}{}% 49
\BOOKMARK [1][-]{section.5.1}{Summary}{chapter.5}% 50
\BOOKMARK [1][-]{section.5.2}{Developed thesis}{chapter.5}% 51
\BOOKMARK [1][-]{section.5.3}{Applications and future work}{chapter.5}% 52
\BOOKMARK [2][-]{subsection.5.3.1}{Geometrical voltage unbalance norm}{section.5.3}% 53
\BOOKMARK [2][-]{subsection.5.3.2}{Voltage unbalance reducing inverter structure}{section.5.3}% 54
\BOOKMARK [2][-]{subsection.5.3.3}{Explicit model predictive control for buck-type rectifier}{section.5.3}% 55
